{"/Users/lenaeivy/codefellows/401/labs/03-async/lib/reader-callbacks-array.js": {"path":"/Users/lenaeivy/codefellows/401/labs/03-async/lib/reader-callbacks-array.js","statementMap":{"0":{"start":{"line":3,"column":11},"end":{"line":3,"column":24}},"1":{"start":{"line":4,"column":15},"end":{"line":4,"column":17}},"2":{"start":{"line":9,"column":0},"end":{"line":11,"column":2}},"3":{"start":{"line":10,"column":2},"end":{"line":10,"column":32}},"4":{"start":{"line":18,"column":16},"end":{"line":23,"column":1}},"5":{"start":{"line":19,"column":2},"end":{"line":22,"column":5}},"6":{"start":{"line":20,"column":4},"end":{"line":21,"column":39}},"7":{"start":{"line":20,"column":14},"end":{"line":20,"column":28}},"8":{"start":{"line":21,"column":11},"end":{"line":21,"column":37}},"9":{"start":{"line":30,"column":16},"end":{"line":45,"column":1}},"10":{"start":{"line":32,"column":2},"end":{"line":43,"column":3}},"11":{"start":{"line":33,"column":4},"end":{"line":42,"column":7}},"12":{"start":{"line":34,"column":6},"end":{"line":40,"column":7}},"13":{"start":{"line":35,"column":8},"end":{"line":35,"column":22}},"14":{"start":{"line":38,"column":8},"end":{"line":38,"column":38}},"15":{"start":{"line":39,"column":8},"end":{"line":39,"column":46}},"16":{"start":{"line":44,"column":2},"end":{"line":44,"column":32}}},"fnMap":{"0":{"name":"(anonymous_0)","decl":{"start":{"line":9,"column":27},"end":{"line":9,"column":28}},"loc":{"start":{"line":9,"column":48},"end":{"line":11,"column":1}},"line":9},"1":{"name":"(anonymous_1)","decl":{"start":{"line":18,"column":16},"end":{"line":18,"column":17}},"loc":{"start":{"line":18,"column":36},"end":{"line":23,"column":1}},"line":18},"2":{"name":"(anonymous_2)","decl":{"start":{"line":19,"column":21},"end":{"line":19,"column":22}},"loc":{"start":{"line":19,"column":36},"end":{"line":22,"column":3}},"line":19},"3":{"name":"(anonymous_3)","decl":{"start":{"line":30,"column":16},"end":{"line":30,"column":17}},"loc":{"start":{"line":30,"column":37},"end":{"line":45,"column":1}},"line":30},"4":{"name":"(anonymous_4)","decl":{"start":{"line":33,"column":22},"end":{"line":33,"column":23}},"loc":{"start":{"line":33,"column":37},"end":{"line":42,"column":5}},"line":33}},"branchMap":{"0":{"loc":{"start":{"line":20,"column":4},"end":{"line":21,"column":39}},"type":"if","locations":[{"start":{"line":20,"column":4},"end":{"line":21,"column":39}},{"start":{"line":20,"column":4},"end":{"line":21,"column":39}}],"line":20},"1":{"loc":{"start":{"line":34,"column":6},"end":{"line":40,"column":7}},"type":"if","locations":[{"start":{"line":34,"column":6},"end":{"line":40,"column":7}},{"start":{"line":34,"column":6},"end":{"line":40,"column":7}}],"line":34}},"s":{"0":1,"1":1,"2":1,"3":2,"4":1,"5":6,"6":6,"7":1,"8":5,"9":1,"10":2,"11":6,"12":6,"13":1,"14":5,"15":5,"16":1},"f":{"0":2,"1":6,"2":6,"3":2,"4":6},"b":{"0":[1,5],"1":[1,5]},"_coverageSchema":"332fd63041d2c1bcb487cc26dd0d5f7d97098a6c","hash":"96bc1b314cdee72488144426b7d924214305d669"}
,"/Users/lenaeivy/codefellows/401/labs/03-async/lib/reader-fixed.js": {"path":"/Users/lenaeivy/codefellows/401/labs/03-async/lib/reader-fixed.js","statementMap":{"0":{"start":{"line":3,"column":11},"end":{"line":3,"column":24}},"1":{"start":{"line":4,"column":15},"end":{"line":4,"column":17}},"2":{"start":{"line":9,"column":0},"end":{"line":11,"column":2}},"3":{"start":{"line":10,"column":2},"end":{"line":10,"column":31}},"4":{"start":{"line":18,"column":16},"end":{"line":23,"column":1}},"5":{"start":{"line":19,"column":2},"end":{"line":22,"column":5}},"6":{"start":{"line":20,"column":4},"end":{"line":21,"column":39}},"7":{"start":{"line":20,"column":14},"end":{"line":20,"column":28}},"8":{"start":{"line":21,"column":11},"end":{"line":21,"column":37}},"9":{"start":{"line":30,"column":16},"end":{"line":66,"column":1}},"10":{"start":{"line":31,"column":2},"end":{"line":31,"column":67}},"11":{"start":{"line":31,"column":25},"end":{"line":31,"column":66}},"12":{"start":{"line":33,"column":2},"end":{"line":62,"column":5}},"13":{"start":{"line":34,"column":4},"end":{"line":40,"column":5}},"14":{"start":{"line":35,"column":6},"end":{"line":35,"column":20}},"15":{"start":{"line":38,"column":6},"end":{"line":38,"column":33}},"16":{"start":{"line":39,"column":6},"end":{"line":39,"column":44}},"17":{"start":{"line":42,"column":4},"end":{"line":61,"column":7}},"18":{"start":{"line":43,"column":6},"end":{"line":49,"column":7}},"19":{"start":{"line":44,"column":8},"end":{"line":44,"column":22}},"20":{"start":{"line":47,"column":8},"end":{"line":47,"column":35}},"21":{"start":{"line":48,"column":8},"end":{"line":48,"column":46}},"22":{"start":{"line":51,"column":6},"end":{"line":60,"column":9}},"23":{"start":{"line":52,"column":8},"end":{"line":58,"column":9}},"24":{"start":{"line":53,"column":10},"end":{"line":53,"column":24}},"25":{"start":{"line":56,"column":10},"end":{"line":56,"column":37}},"26":{"start":{"line":57,"column":10},"end":{"line":57,"column":48}},"27":{"start":{"line":59,"column":8},"end":{"line":59,"column":38}}},"fnMap":{"0":{"name":"(anonymous_0)","decl":{"start":{"line":9,"column":27},"end":{"line":9,"column":28}},"loc":{"start":{"line":9,"column":48},"end":{"line":11,"column":1}},"line":9},"1":{"name":"(anonymous_1)","decl":{"start":{"line":18,"column":16},"end":{"line":18,"column":17}},"loc":{"start":{"line":18,"column":36},"end":{"line":23,"column":1}},"line":18},"2":{"name":"(anonymous_2)","decl":{"start":{"line":19,"column":21},"end":{"line":19,"column":22}},"loc":{"start":{"line":19,"column":36},"end":{"line":22,"column":3}},"line":19},"3":{"name":"(anonymous_3)","decl":{"start":{"line":30,"column":16},"end":{"line":30,"column":17}},"loc":{"start":{"line":30,"column":37},"end":{"line":66,"column":1}},"line":30},"4":{"name":"(anonymous_4)","decl":{"start":{"line":33,"column":20},"end":{"line":33,"column":21}},"loc":{"start":{"line":33,"column":35},"end":{"line":62,"column":3}},"line":33},"5":{"name":"(anonymous_5)","decl":{"start":{"line":42,"column":22},"end":{"line":42,"column":23}},"loc":{"start":{"line":42,"column":37},"end":{"line":61,"column":5}},"line":42},"6":{"name":"(anonymous_6)","decl":{"start":{"line":51,"column":24},"end":{"line":51,"column":25}},"loc":{"start":{"line":51,"column":39},"end":{"line":60,"column":7}},"line":51}},"branchMap":{"0":{"loc":{"start":{"line":20,"column":4},"end":{"line":21,"column":39}},"type":"if","locations":[{"start":{"line":20,"column":4},"end":{"line":21,"column":39}},{"start":{"line":20,"column":4},"end":{"line":21,"column":39}}],"line":20},"1":{"loc":{"start":{"line":31,"column":2},"end":{"line":31,"column":67}},"type":"if","locations":[{"start":{"line":31,"column":2},"end":{"line":31,"column":67}},{"start":{"line":31,"column":2},"end":{"line":31,"column":67}}],"line":31},"2":{"loc":{"start":{"line":34,"column":4},"end":{"line":40,"column":5}},"type":"if","locations":[{"start":{"line":34,"column":4},"end":{"line":40,"column":5}},{"start":{"line":34,"column":4},"end":{"line":40,"column":5}}],"line":34},"3":{"loc":{"start":{"line":43,"column":6},"end":{"line":49,"column":7}},"type":"if","locations":[{"start":{"line":43,"column":6},"end":{"line":49,"column":7}},{"start":{"line":43,"column":6},"end":{"line":49,"column":7}}],"line":43},"4":{"loc":{"start":{"line":52,"column":8},"end":{"line":58,"column":9}},"type":"if","locations":[{"start":{"line":52,"column":8},"end":{"line":58,"column":9}},{"start":{"line":52,"column":8},"end":{"line":58,"column":9}}],"line":52}},"s":{"0":1,"1":1,"2":1,"3":2,"4":1,"5":3,"6":3,"7":0,"8":3,"9":1,"10":2,"11":1,"12":1,"13":1,"14":0,"15":1,"16":1,"17":1,"18":1,"19":0,"20":1,"21":1,"22":1,"23":1,"24":0,"25":1,"26":1,"27":1},"f":{"0":2,"1":3,"2":3,"3":2,"4":1,"5":1,"6":1},"b":{"0":[0,3],"1":[1,1],"2":[0,1],"3":[0,1],"4":[0,1]},"_coverageSchema":"332fd63041d2c1bcb487cc26dd0d5f7d97098a6c","hash":"3b6a64a23be2f5dd1f68e27695a69ddf8c7b8267"}
,"/Users/lenaeivy/codefellows/401/labs/03-async/lib/reader-promise-all.js": {"path":"/Users/lenaeivy/codefellows/401/labs/03-async/lib/reader-promise-all.js","statementMap":{"0":{"start":{"line":3,"column":11},"end":{"line":3,"column":24}},"1":{"start":{"line":4,"column":15},"end":{"line":4,"column":17}},"2":{"start":{"line":9,"column":0},"end":{"line":11,"column":2}},"3":{"start":{"line":10,"column":2},"end":{"line":10,"column":29}},"4":{"start":{"line":18,"column":16},"end":{"line":25,"column":1}},"5":{"start":{"line":19,"column":2},"end":{"line":24,"column":5}},"6":{"start":{"line":20,"column":4},"end":{"line":23,"column":7}},"7":{"start":{"line":21,"column":6},"end":{"line":22,"column":47}},"8":{"start":{"line":21,"column":16},"end":{"line":21,"column":28}},"9":{"start":{"line":22,"column":13},"end":{"line":22,"column":45}},"10":{"start":{"line":31,"column":16},"end":{"line":42,"column":1}},"11":{"start":{"line":32,"column":19},"end":{"line":32,"column":21}},"12":{"start":{"line":34,"column":2},"end":{"line":37,"column":3}},"13":{"start":{"line":35,"column":4},"end":{"line":35,"column":34}},"14":{"start":{"line":36,"column":4},"end":{"line":36,"column":39}},"15":{"start":{"line":39,"column":2},"end":{"line":39,"column":33}}},"fnMap":{"0":{"name":"(anonymous_0)","decl":{"start":{"line":9,"column":27},"end":{"line":9,"column":28}},"loc":{"start":{"line":9,"column":38},"end":{"line":11,"column":1}},"line":9},"1":{"name":"(anonymous_1)","decl":{"start":{"line":18,"column":16},"end":{"line":18,"column":17}},"loc":{"start":{"line":18,"column":26},"end":{"line":25,"column":1}},"line":18},"2":{"name":"(anonymous_2)","decl":{"start":{"line":19,"column":22},"end":{"line":19,"column":23}},"loc":{"start":{"line":19,"column":43},"end":{"line":24,"column":3}},"line":19},"3":{"name":"(anonymous_3)","decl":{"start":{"line":20,"column":23},"end":{"line":20,"column":24}},"loc":{"start":{"line":20,"column":38},"end":{"line":23,"column":5}},"line":20},"4":{"name":"(anonymous_4)","decl":{"start":{"line":31,"column":16},"end":{"line":31,"column":17}},"loc":{"start":{"line":31,"column":27},"end":{"line":42,"column":1}},"line":31}},"branchMap":{"0":{"loc":{"start":{"line":21,"column":6},"end":{"line":22,"column":47}},"type":"if","locations":[{"start":{"line":21,"column":6},"end":{"line":22,"column":47}},{"start":{"line":21,"column":6},"end":{"line":22,"column":47}}],"line":21}},"s":{"0":1,"1":1,"2":1,"3":2,"4":1,"5":6,"6":6,"7":6,"8":1,"9":5,"10":1,"11":2,"12":2,"13":6,"14":6,"15":2},"f":{"0":2,"1":6,"2":6,"3":6,"4":2},"b":{"0":[1,5]},"_coverageSchema":"332fd63041d2c1bcb487cc26dd0d5f7d97098a6c","hash":"924488ca6b1429ccbb810044043a09154ce9b65c"}
,"/Users/lenaeivy/codefellows/401/labs/03-async/lib/reader-promises.js": {"path":"/Users/lenaeivy/codefellows/401/labs/03-async/lib/reader-promises.js","statementMap":{"0":{"start":{"line":3,"column":11},"end":{"line":3,"column":24}},"1":{"start":{"line":4,"column":15},"end":{"line":4,"column":17}},"2":{"start":{"line":9,"column":0},"end":{"line":11,"column":2}},"3":{"start":{"line":10,"column":2},"end":{"line":10,"column":29}},"4":{"start":{"line":18,"column":16},"end":{"line":25,"column":1}},"5":{"start":{"line":19,"column":2},"end":{"line":24,"column":5}},"6":{"start":{"line":20,"column":4},"end":{"line":23,"column":7}},"7":{"start":{"line":21,"column":6},"end":{"line":22,"column":29}},"8":{"start":{"line":21,"column":16},"end":{"line":21,"column":28}},"9":{"start":{"line":22,"column":13},"end":{"line":22,"column":27}},"10":{"start":{"line":32,"column":16},"end":{"line":58,"column":1}},"11":{"start":{"line":33,"column":2},"end":{"line":55,"column":5}},"12":{"start":{"line":34,"column":4},"end":{"line":36,"column":5}},"13":{"start":{"line":35,"column":6},"end":{"line":35,"column":52}},"14":{"start":{"line":38,"column":4},"end":{"line":53,"column":28}},"15":{"start":{"line":39,"column":6},"end":{"line":39,"column":33}},"16":{"start":{"line":40,"column":6},"end":{"line":40,"column":44}},"17":{"start":{"line":42,"column":6},"end":{"line":52,"column":30}},"18":{"start":{"line":43,"column":8},"end":{"line":43,"column":35}},"19":{"start":{"line":44,"column":8},"end":{"line":44,"column":46}},"20":{"start":{"line":46,"column":8},"end":{"line":51,"column":32}},"21":{"start":{"line":47,"column":10},"end":{"line":47,"column":37}},"22":{"start":{"line":48,"column":10},"end":{"line":48,"column":48}},"23":{"start":{"line":50,"column":10},"end":{"line":50,"column":28}}},"fnMap":{"0":{"name":"(anonymous_0)","decl":{"start":{"line":9,"column":27},"end":{"line":9,"column":28}},"loc":{"start":{"line":9,"column":38},"end":{"line":11,"column":1}},"line":9},"1":{"name":"(anonymous_1)","decl":{"start":{"line":18,"column":16},"end":{"line":18,"column":17}},"loc":{"start":{"line":18,"column":26},"end":{"line":25,"column":1}},"line":18},"2":{"name":"(anonymous_2)","decl":{"start":{"line":19,"column":22},"end":{"line":19,"column":23}},"loc":{"start":{"line":19,"column":43},"end":{"line":24,"column":3}},"line":19},"3":{"name":"(anonymous_3)","decl":{"start":{"line":20,"column":23},"end":{"line":20,"column":24}},"loc":{"start":{"line":20,"column":38},"end":{"line":23,"column":5}},"line":20},"4":{"name":"(anonymous_4)","decl":{"start":{"line":32,"column":16},"end":{"line":32,"column":17}},"loc":{"start":{"line":32,"column":27},"end":{"line":58,"column":1}},"line":32},"5":{"name":"(anonymous_5)","decl":{"start":{"line":33,"column":21},"end":{"line":33,"column":22}},"loc":{"start":{"line":33,"column":40},"end":{"line":55,"column":3}},"line":33},"6":{"name":"(anonymous_6)","decl":{"start":{"line":38,"column":28},"end":{"line":38,"column":29}},"loc":{"start":{"line":38,"column":36},"end":{"line":53,"column":5}},"line":38},"7":{"name":"(anonymous_7)","decl":{"start":{"line":42,"column":30},"end":{"line":42,"column":31}},"loc":{"start":{"line":42,"column":38},"end":{"line":52,"column":7}},"line":42},"8":{"name":"(anonymous_8)","decl":{"start":{"line":46,"column":32},"end":{"line":46,"column":33}},"loc":{"start":{"line":46,"column":40},"end":{"line":51,"column":9}},"line":46}},"branchMap":{"0":{"loc":{"start":{"line":21,"column":6},"end":{"line":22,"column":29}},"type":"if","locations":[{"start":{"line":21,"column":6},"end":{"line":22,"column":29}},{"start":{"line":21,"column":6},"end":{"line":22,"column":29}}],"line":21},"1":{"loc":{"start":{"line":34,"column":4},"end":{"line":36,"column":5}},"type":"if","locations":[{"start":{"line":34,"column":4},"end":{"line":36,"column":5}},{"start":{"line":34,"column":4},"end":{"line":36,"column":5}}],"line":34}},"s":{"0":1,"1":1,"2":1,"3":2,"4":1,"5":3,"6":3,"7":3,"8":0,"9":3,"10":1,"11":2,"12":2,"13":1,"14":1,"15":1,"16":1,"17":1,"18":1,"19":1,"20":1,"21":1,"22":1,"23":1},"f":{"0":2,"1":3,"2":3,"3":3,"4":2,"5":2,"6":1,"7":1,"8":1},"b":{"0":[0,3],"1":[1,1]},"_coverageSchema":"332fd63041d2c1bcb487cc26dd0d5f7d97098a6c","hash":"d643a3ec7756b6d5ae8c4b4e40ff4078264695f8"}
}
