TN:
SF:/Users/lenaeivy/codefellows/401/labs/03-async/lib/reader-callbacks-array.js
FN:9,(anonymous_0)
FN:18,(anonymous_1)
FN:19,(anonymous_2)
FN:30,(anonymous_3)
FN:33,(anonymous_4)
FNF:5
FNH:5
FNDA:2,(anonymous_0)
FNDA:6,(anonymous_1)
FNDA:6,(anonymous_2)
FNDA:2,(anonymous_3)
FNDA:6,(anonymous_4)
DA:3,1
DA:4,1
DA:9,1
DA:10,2
DA:18,1
DA:19,6
DA:20,6
DA:21,5
DA:30,1
DA:32,2
DA:33,6
DA:34,6
DA:35,1
DA:38,5
DA:39,5
DA:44,1
LF:16
LH:16
BRDA:20,0,0,1
BRDA:20,0,1,5
BRDA:34,1,0,1
BRDA:34,1,1,5
BRF:4
BRH:4
end_of_record
TN:
SF:/Users/lenaeivy/codefellows/401/labs/03-async/lib/reader-fixed.js
FN:9,(anonymous_0)
FN:18,(anonymous_1)
FN:19,(anonymous_2)
FN:30,(anonymous_3)
FN:33,(anonymous_4)
FN:42,(anonymous_5)
FN:51,(anonymous_6)
FNF:7
FNH:7
FNDA:2,(anonymous_0)
FNDA:3,(anonymous_1)
FNDA:3,(anonymous_2)
FNDA:2,(anonymous_3)
FNDA:1,(anonymous_4)
FNDA:1,(anonymous_5)
FNDA:1,(anonymous_6)
DA:3,1
DA:4,1
DA:9,1
DA:10,2
DA:18,1
DA:19,3
DA:20,3
DA:21,3
DA:30,1
DA:31,2
DA:33,1
DA:34,1
DA:35,0
DA:38,1
DA:39,1
DA:42,1
DA:43,1
DA:44,0
DA:47,1
DA:48,1
DA:51,1
DA:52,1
DA:53,0
DA:56,1
DA:57,1
DA:59,1
LF:26
LH:23
BRDA:20,0,0,0
BRDA:20,0,1,3
BRDA:31,1,0,1
BRDA:31,1,1,1
BRDA:34,2,0,0
BRDA:34,2,1,1
BRDA:43,3,0,0
BRDA:43,3,1,1
BRDA:52,4,0,0
BRDA:52,4,1,1
BRF:10
BRH:6
end_of_record
TN:
SF:/Users/lenaeivy/codefellows/401/labs/03-async/lib/reader-promise-all.js
FN:9,(anonymous_0)
FN:18,(anonymous_1)
FN:19,(anonymous_2)
FN:20,(anonymous_3)
FN:31,(anonymous_4)
FNF:5
FNH:5
FNDA:2,(anonymous_0)
FNDA:6,(anonymous_1)
FNDA:6,(anonymous_2)
FNDA:6,(anonymous_3)
FNDA:2,(anonymous_4)
DA:3,1
DA:4,1
DA:9,1
DA:10,2
DA:18,1
DA:19,6
DA:20,6
DA:21,6
DA:22,5
DA:31,1
DA:32,2
DA:34,2
DA:35,6
DA:36,6
DA:39,2
LF:15
LH:15
BRDA:21,0,0,1
BRDA:21,0,1,5
BRF:2
BRH:2
end_of_record
TN:
SF:/Users/lenaeivy/codefellows/401/labs/03-async/lib/reader-promises.js
FN:9,(anonymous_0)
FN:18,(anonymous_1)
FN:19,(anonymous_2)
FN:20,(anonymous_3)
FN:32,(anonymous_4)
FN:33,(anonymous_5)
FN:38,(anonymous_6)
FN:42,(anonymous_7)
FN:46,(anonymous_8)
FNF:9
FNH:9
FNDA:2,(anonymous_0)
FNDA:3,(anonymous_1)
FNDA:3,(anonymous_2)
FNDA:3,(anonymous_3)
FNDA:2,(anonymous_4)
FNDA:2,(anonymous_5)
FNDA:1,(anonymous_6)
FNDA:1,(anonymous_7)
FNDA:1,(anonymous_8)
DA:3,1
DA:4,1
DA:9,1
DA:10,2
DA:18,1
DA:19,3
DA:20,3
DA:21,3
DA:22,3
DA:32,1
DA:33,2
DA:34,2
DA:35,1
DA:38,1
DA:39,1
DA:40,1
DA:42,1
DA:43,1
DA:44,1
DA:46,1
DA:47,1
DA:48,1
DA:50,1
LF:23
LH:23
BRDA:21,0,0,0
BRDA:21,0,1,3
BRDA:34,1,0,1
BRDA:34,1,1,1
BRF:4
BRH:3
end_of_record
